app/build/intermediates/manifest_merge_blame_file/debug/manifest-merger-blame-debug-report.txt
1<?xml version="1.0" encoding="utf-8"?>
2<manifest xmlns:android="http://schemas.android.com/apk/res/android"
3    package="com.boyon_armando.quizhynefassil"
4    android:versionCode="1"
5    android:versionName="1.0" >
6
7    <uses-sdk
8        android:minSdkVersion="20"
8-->src/main/AndroidManifest.xml
9        android:targetSdkVersion="29" />
9-->src/main/AndroidManifest.xml
10
11    <uses-permission android:name="android.permission.INTERNET" />
11-->src/main/AndroidManifest.xml:4:5-67
11-->src/main/AndroidManifest.xml:4:22-64
12
13    <application
13-->src/main/AndroidManifest.xml:6:5-25:19
14        android:allowBackup="true"
14-->src/main/AndroidManifest.xml:7:9-35
15        android:appComponentFactory="androidx.core.app.CoreComponentFactory"
15-->[androidx.core:core:1.1.0] AndroidManifest.xml:24:18-86
16        android:debuggable="true"
17        android:icon="@mipmap/logo_application"
17-->src/main/AndroidManifest.xml:8:9-48
18        android:label="@string/app_name"
18-->src/main/AndroidManifest.xml:9:9-41
19        android:roundIcon="@mipmap/logo_application"
19-->src/main/AndroidManifest.xml:10:9-53
20        android:supportsRtl="true"
20-->src/main/AndroidManifest.xml:11:9-35
21        android:testOnly="true"
22        android:theme="@style/HiddenTitleTheme" >
22-->src/main/AndroidManifest.xml:12:9-48
23        <activity
23-->src/main/AndroidManifest.xml:13:9-20:20
24            android:name="com.boyon_armando.quizhynefassil.MainActivity"
24-->src/main/AndroidManifest.xml:13:19-47
25            android:screenOrientation="portrait" >
25-->src/main/AndroidManifest.xml:14:13-49
26            <intent-filter>
26-->src/main/AndroidManifest.xml:15:13-19:29
27                <action android:name="android.intent.action.MAIN" />
27-->src/main/AndroidManifest.xml:16:17-69
27-->src/main/AndroidManifest.xml:16:25-66
28
29                <category android:name="android.intent.category.LAUNCHER" />
29-->src/main/AndroidManifest.xml:18:17-77
29-->src/main/AndroidManifest.xml:18:27-74
30            </intent-filter>
31        </activity>
32        <activity
32-->src/main/AndroidManifest.xml:21:9-22:52
33            android:name="com.boyon_armando.quizhynefassil.RecipeChoiceActivity"
33-->src/main/AndroidManifest.xml:21:19-55
34            android:screenOrientation="portrait" />
34-->src/main/AndroidManifest.xml:22:13-49
35        <activity
35-->src/main/AndroidManifest.xml:23:9-24:52
36            android:name="com.boyon_armando.quizhynefassil.RecipeInfoActivity"
36-->src/main/AndroidManifest.xml:23:19-53
37            android:screenOrientation="portrait" />
37-->src/main/AndroidManifest.xml:24:13-49
38
39        <provider
39-->[com.squareup.picasso:picasso:2.71828] AndroidManifest.xml:8:9-11:40
40            android:name="com.squareup.picasso.PicassoProvider"
40-->[com.squareup.picasso:picasso:2.71828] AndroidManifest.xml:9:13-64
41            android:authorities="com.boyon_armando.quizhynefassil.com.squareup.picasso"
41-->[com.squareup.picasso:picasso:2.71828] AndroidManifest.xml:10:13-72
42            android:exported="false" />
42-->[com.squareup.picasso:picasso:2.71828] AndroidManifest.xml:11:13-37
43    </application>
44
45</manifest>